<?xml version="1.0" encoding="UTF-8"?>
<!-- Generated by org.testng.reporters.JUnitReportReporter -->
<testsuite hostname="Diya" name="Testng_testcases.Testng_testcases" tests="2" failures="0" timestamp="13 Apr 2019 00:02:05 GMT" time="0.012" errors="0">
  <testcase name="login" time="0.010" classname="Testng_testcases.Testng_testcases"/>
  <testcase name="logoff" time="0.002" classname="Testng_testcases.Testng_testcases"/>
</testsuite> <!-- Testng_testcases.Testng_testcases -->
